This is XeTeX, Version 3.141592653-2.6-0.999994 (TeX Live 2022) (preloaded format=xelatex 2022.10.3)  3 OCT 2022 11:48
entering extended mode
 restricted \write18 enabled.
 %&-line parsing enabled.
**_main.tex
(./_main.tex
LaTeX2e <2022-06-01> patch level 5
L3 programming layer <2022-09-28> (/Users/yannryan/Library/TinyTeX/texmf-dist/tex/latex/base/book.cls
Document Class: book 2021/10/04 v1.4n Standard LaTeX document class
(/Users/yannryan/Library/TinyTeX/texmf-dist/tex/latex/base/bk10.clo
File: bk10.clo 2021/10/04 v1.4n Standard LaTeX file (size option)
)
\c@part=\count181
\c@chapter=\count182
\c@section=\count183
\c@subsection=\count184
\c@subsubsection=\count185
\c@paragraph=\count186
\c@subparagraph=\count187
\c@figure=\count188
\c@table=\count189
\abovecaptionskip=\skip47
\belowcaptionskip=\skip48
\bibindent=\dimen138
) (/Users/yannryan/Library/TinyTeX/texmf-dist/tex/latex/amsmath/amsmath.sty
Package: amsmath 2022/04/08 v2.17n AMS math features
\@mathmargin=\skip49
For additional information on amsmath, use the `?' option.
(/Users/yannryan/Library/TinyTeX/texmf-dist/tex/latex/amsmath/amstext.sty
Package: amstext 2021/08/26 v2.01 AMS text
(/Users/yannryan/Library/TinyTeX/texmf-dist/tex/latex/amsmath/amsgen.sty
File: amsgen.sty 1999/11/30 v2.0 generic functions
\@emptytoks=\toks16
\ex@=\dimen139
)) (/Users/yannryan/Library/TinyTeX/texmf-dist/tex/latex/amsmath/amsbsy.sty
Package: amsbsy 1999/11/29 v1.2d Bold Symbols
\pmbraise@=\dimen140
) (/Users/yannryan/Library/TinyTeX/texmf-dist/tex/latex/amsmath/amsopn.sty
Package: amsopn 2022/04/08 v2.04 operator names
)
\inf@bad=\count190
LaTeX Info: Redefining \frac on input line 234.
\uproot@=\count191
\leftroot@=\count192
LaTeX Info: Redefining \overline on input line 399.
LaTeX Info: Redefining \colon on input line 410.
\classnum@=\count193
\DOTSCASE@=\count194
LaTeX Info: Redefining \ldots on input line 496.
LaTeX Info: Redefining \dots on input line 499.
LaTeX Info: Redefining \cdots on input line 620.
\Mathstrutbox@=\box51
\strutbox@=\box52
LaTeX Info: Redefining \big on input line 722.
LaTeX Info: Redefining \Big on input line 723.
LaTeX Info: Redefining \bigg on input line 724.
LaTeX Info: Redefining \Bigg on input line 725.
\big@size=\dimen141
LaTeX Font Info:    Redeclaring font encoding OML on input line 743.
LaTeX Font Info:    Redeclaring font encoding OMS on input line 744.
\macc@depth=\count195
LaTeX Info: Redefining \bmod on input line 905.
LaTeX Info: Redefining \pmod on input line 910.
LaTeX Info: Redefining \smash on input line 940.
LaTeX Info: Redefining \relbar on input line 970.
LaTeX Info: Redefining \Relbar on input line 971.
\c@MaxMatrixCols=\count196
\dotsspace@=\muskip16
\c@parentequation=\count197
\dspbrk@lvl=\count198
\tag@help=\toks17
\row@=\count199
\column@=\count266
\maxfields@=\count267
\andhelp@=\toks18
\eqnshift@=\dimen142
\alignsep@=\dimen143
\tagshift@=\dimen144
\tagwidth@=\dimen145
\totwidth@=\dimen146
\lineht@=\dimen147
\@envbody=\toks19
\multlinegap=\skip50
\multlinetaggap=\skip51
\mathdisplay@stack=\toks20
LaTeX Info: Redefining \[ on input line 2953.
LaTeX Info: Redefining \] on input line 2954.
) (/Users/yannryan/Library/TinyTeX/texmf-dist/tex/latex/amsfonts/amssymb.sty
Package: amssymb 2013/01/14 v3.01 AMS font symbols
(/Users/yannryan/Library/TinyTeX/texmf-dist/tex/latex/amsfonts/amsfonts.sty
Package: amsfonts 2013/01/14 v3.01 Basic AMSFonts support
\symAMSa=\mathgroup4
\symAMSb=\mathgroup5
LaTeX Font Info:    Redeclaring math symbol \hbar on input line 98.
LaTeX Font Info:    Overwriting math alphabet `\mathfrak' in version `bold'
(Font)                  U/euf/m/n --> U/euf/b/n on input line 106.
)) (/Users/yannryan/Library/TinyTeX/texmf-dist/tex/latex/lm/lmodern.sty
Package: lmodern 2015/05/01 v1.6.1 Latin Modern Fonts
LaTeX Font Info:    Overwriting symbol font `operators' in version `normal'
(Font)                  OT1/cmr/m/n --> OT1/lmr/m/n on input line 22.
LaTeX Font Info:    Overwriting symbol font `letters' in version `normal'
(Font)                  OML/cmm/m/it --> OML/lmm/m/it on input line 23.
LaTeX Font Info:    Overwriting symbol font `symbols' in version `normal'
(Font)                  OMS/cmsy/m/n --> OMS/lmsy/m/n on input line 24.
LaTeX Font Info:    Overwriting symbol font `largesymbols' in version `normal'
(Font)                  OMX/cmex/m/n --> OMX/lmex/m/n on input line 25.
LaTeX Font Info:    Overwriting symbol font `operators' in version `bold'
(Font)                  OT1/cmr/bx/n --> OT1/lmr/bx/n on input line 26.
LaTeX Font Info:    Overwriting symbol font `letters' in version `bold'
(Font)                  OML/cmm/b/it --> OML/lmm/b/it on input line 27.
LaTeX Font Info:    Overwriting symbol font `symbols' in version `bold'
(Font)                  OMS/cmsy/b/n --> OMS/lmsy/b/n on input line 28.
LaTeX Font Info:    Overwriting symbol font `largesymbols' in version `bold'
(Font)                  OMX/cmex/m/n --> OMX/lmex/m/n on input line 29.
LaTeX Font Info:    Overwriting math alphabet `\mathbf' in version `normal'
(Font)                  OT1/cmr/bx/n --> OT1/lmr/bx/n on input line 31.
LaTeX Font Info:    Overwriting math alphabet `\mathsf' in version `normal'
(Font)                  OT1/cmss/m/n --> OT1/lmss/m/n on input line 32.
LaTeX Font Info:    Overwriting math alphabet `\mathit' in version `normal'
(Font)                  OT1/cmr/m/it --> OT1/lmr/m/it on input line 33.
LaTeX Font Info:    Overwriting math alphabet `\mathtt' in version `normal'
(Font)                  OT1/cmtt/m/n --> OT1/lmtt/m/n on input line 34.
LaTeX Font Info:    Overwriting math alphabet `\mathbf' in version `bold'
(Font)                  OT1/cmr/bx/n --> OT1/lmr/bx/n on input line 35.
LaTeX Font Info:    Overwriting math alphabet `\mathsf' in version `bold'
(Font)                  OT1/cmss/bx/n --> OT1/lmss/bx/n on input line 36.
LaTeX Font Info:    Overwriting math alphabet `\mathit' in version `bold'
(Font)                  OT1/cmr/bx/it --> OT1/lmr/bx/it on input line 37.
LaTeX Font Info:    Overwriting math alphabet `\mathtt' in version `bold'
(Font)                  OT1/cmtt/m/n --> OT1/lmtt/m/n on input line 38.
) (/Users/yannryan/Library/TinyTeX/texmf-dist/tex/generic/iftex/iftex.sty
Package: iftex 2022/02/03 v1.0f TeX engine tests
) (/Users/yannryan/Library/TinyTeX/texmf-dist/tex/latex/unicode-math/unicode-math.sty (/Users/yannryan/Library/TinyTeX/texmf-dist/tex/latex/l3kernel/expl3.sty
Package: expl3 2022-09-28 L3 programming layer (loader) 
(/Users/yannryan/Library/TinyTeX/texmf-dist/tex/latex/l3backend/l3backend-xetex.def
File: l3backend-xetex.def 2022-09-28 L3 backend support: XeTeX
\g__graphics_track_int=\count268
\l__pdf_internal_box=\box53
\g__pdf_backend_object_int=\count269
\g__pdf_backend_annotation_int=\count270
\g__pdf_backend_link_int=\count271
))
Package: unicode-math 2020/01/31 v0.8q Unicode maths in XeLaTeX and LuaLaTeX
(/Users/yannryan/Library/TinyTeX/texmf-dist/tex/latex/unicode-math/unicode-math-xetex.sty
Package: unicode-math-xetex 2020/01/31 v0.8q Unicode maths in XeLaTeX and LuaLaTeX
(/Users/yannryan/Library/TinyTeX/texmf-dist/tex/latex/l3packages/xparse/xparse.sty
Package: xparse 2022-06-22 L3 Experimental document command parser
) (/Users/yannryan/Library/TinyTeX/texmf-dist/tex/latex/l3packages/l3keys2e/l3keys2e.sty
Package: l3keys2e 2022-06-22 LaTeX2e option processing using LaTeX3 keys
) (/Users/yannryan/Library/TinyTeX/texmf-dist/tex/latex/fontspec/fontspec.sty
Package: fontspec 2022/01/15 v2.8a Font selection for XeLaTeX and LuaLaTeX
(/Users/yannryan/Library/TinyTeX/texmf-dist/tex/latex/fontspec/fontspec-xetex.sty
Package: fontspec-xetex 2022/01/15 v2.8a Font selection for XeLaTeX and LuaLaTeX
\l__fontspec_script_int=\count272
\l__fontspec_language_int=\count273
\l__fontspec_strnum_int=\count274
\l__fontspec_tmp_int=\count275
\l__fontspec_tmpa_int=\count276
\l__fontspec_tmpb_int=\count277
\l__fontspec_tmpc_int=\count278
\l__fontspec_em_int=\count279
\l__fontspec_emdef_int=\count280
\l__fontspec_strong_int=\count281
\l__fontspec_strongdef_int=\count282
\l__fontspec_tmpa_dim=\dimen148
\l__fontspec_tmpb_dim=\dimen149
\l__fontspec_tmpc_dim=\dimen150
(/Users/yannryan/Library/TinyTeX/texmf-dist/tex/latex/base/fontenc.sty
Package: fontenc 2021/04/29 v2.0v Standard LaTeX package
) (/Users/yannryan/Library/TinyTeX/texmf-dist/tex/latex/fontspec/fontspec.cfg))) (/Users/yannryan/Library/TinyTeX/texmf-dist/tex/latex/base/fix-cm.sty
Package: fix-cm 2020/11/24 v1.1t fixes to LaTeX
(/Users/yannryan/Library/TinyTeX/texmf-dist/tex/latex/base/ts1enc.def
File: ts1enc.def 2001/06/05 v3.0e (jk/car/fm) Standard LaTeX file
LaTeX Font Info:    Redeclaring font encoding TS1 on input line 47.
))
\g__um_fam_int=\count283
\g__um_fonts_used_int=\count284
\l__um_primecount_int=\count285
\g__um_primekern_muskip=\muskip17
(/Users/yannryan/Library/TinyTeX/texmf-dist/tex/latex/unicode-math/unicode-math-table.tex))) (/Users/yannryan/Library/TinyTeX/texmf-dist/tex/latex/xcolor/xcolor.sty
Package: xcolor 2022/06/12 v2.14 LaTeX color extensions (UK)
(/Users/yannryan/Library/TinyTeX/texmf-dist/tex/latex/graphics-cfg/color.cfg
File: color.cfg 2016/01/02 v1.6 sample color configuration
)
Package xcolor Info: Driver file: xetex.def on input line 227.
(/Users/yannryan/Library/TinyTeX/texmf-dist/tex/latex/graphics-def/xetex.def
File: xetex.def 2022/09/22 v5.0n Graphics/color driver for xetex
\stockwidth=\dimen151
\stockheight=\dimen152
) (/Users/yannryan/Library/TinyTeX/texmf-dist/tex/latex/graphics/mathcolor.ltx)
Package xcolor Info: Model `cmy' substituted by `cmy0' on input line 1353.
Package xcolor Info: Model `RGB' extended on input line 1369.
Package xcolor Info: Model `HTML' substituted by `rgb' on input line 1371.
Package xcolor Info: Model `Hsb' substituted by `hsb' on input line 1372.
Package xcolor Info: Model `tHsb' substituted by `hsb' on input line 1373.
Package xcolor Info: Model `HSB' substituted by `hsb' on input line 1374.
Package xcolor Info: Model `Gray' substituted by `gray' on input line 1375.
Package xcolor Info: Model `wave' substituted by `hsb' on input line 1376.
) (/Users/yannryan/Library/TinyTeX/texmf-dist/tex/latex/fancyvrb/fancyvrb.sty
Package: fancyvrb 2022/06/06 4.5 verbatim text (tvz,hv)
(/Users/yannryan/Library/TinyTeX/texmf-dist/tex/latex/graphics/keyval.sty
Package: keyval 2022/05/29 v1.15 key=value parser (DPC)
\KV@toks@=\toks21
)
\FV@CodeLineNo=\count286
\FV@InFile=\read2
\FV@TabBox=\box54
\c@FancyVerbLine=\count287
\FV@StepNumber=\count288
\FV@OutFile=\write3
) (/Users/yannryan/Library/TinyTeX/texmf-dist/tex/latex/framed/framed.sty
Package: framed 2011/10/22 v 0.96: framed or shaded text with page breaks
\OuterFrameSep=\skip52
\fb@frw=\dimen153
\fb@frh=\dimen154
\FrameRule=\dimen155
\FrameSep=\dimen156
) (/Users/yannryan/Library/TinyTeX/texmf-dist/tex/latex/tools/longtable.sty
Package: longtable 2021-09-01 v4.17 Multi-page Table package (DPC)
\LTleft=\skip53
\LTright=\skip54
\LTpre=\skip55
\LTpost=\skip56
\LTchunksize=\count289
\LTcapwidth=\dimen157
\LT@head=\box55
\LT@firsthead=\box56
\LT@foot=\box57
\LT@lastfoot=\box58
\LT@gbox=\box59
\LT@cols=\count290
\LT@rows=\count291
\c@LT@tables=\count292
\c@LT@chunks=\count293
\LT@p@ftn=\toks22
) (/Users/yannryan/Library/TinyTeX/texmf-dist/tex/latex/booktabs/booktabs.sty
Package: booktabs 2020/01/12 v1.61803398 Publication quality tables
\heavyrulewidth=\dimen158
\lightrulewidth=\dimen159
\cmidrulewidth=\dimen160
\belowrulesep=\dimen161
\belowbottomsep=\dimen162
\aboverulesep=\dimen163
\abovetopsep=\dimen164
\cmidrulesep=\dimen165
\cmidrulekern=\dimen166
\defaultaddspace=\dimen167
\@cmidla=\count294
\@cmidlb=\count295
\@aboverulesep=\dimen168
\@belowrulesep=\dimen169
\@thisruleclass=\count296
\@lastruleclass=\count297
\@thisrulewidth=\dimen170
) (/Users/yannryan/Library/TinyTeX/texmf-dist/tex/latex/tools/array.sty
Package: array 2022/03/10 v2.5f Tabular extension package (FMi)
\col@sep=\dimen171
\ar@mcellbox=\box60
\extrarowheight=\dimen172
\NC@list=\toks23
\extratabsurround=\skip57
\backup@length=\skip58
\ar@cellbox=\box61
) (/Users/yannryan/Library/TinyTeX/texmf-dist/tex/latex/tools/calc.sty
Package: calc 2017/05/25 v4.3 Infix arithmetic (KKT,FJ)
\calc@Acount=\count298
\calc@Bcount=\count299
\calc@Adimen=\dimen173
\calc@Bdimen=\dimen174
\calc@Askip=\skip59
\calc@Bskip=\skip60
LaTeX Info: Redefining \setlength on input line 80.
LaTeX Info: Redefining \addtolength on input line 81.
\calc@Ccount=\count300
\calc@Cskip=\skip61
) (/Users/yannryan/Library/TinyTeX/texmf-dist/tex/latex/etoolbox/etoolbox.sty
Package: etoolbox 2020/10/05 v2.5k e-TeX tools for LaTeX (JAW)
\etb@tempcnta=\count301
) (/Users/yannryan/Library/TinyTeX/texmf-dist/tex/latex/mdwtools/footnote.sty
Package: footnote 1997/01/28 1.13 Save footnotes around boxes
\fn@notes=\box62
\fn@width=\dimen175
) (/Users/yannryan/Library/TinyTeX/texmf-dist/tex/latex/graphics/graphicx.sty
Package: graphicx 2021/09/16 v1.2d Enhanced LaTeX Graphics (DPC,SPQR)
(/Users/yannryan/Library/TinyTeX/texmf-dist/tex/latex/graphics/graphics.sty
Package: graphics 2022/03/10 v1.4e Standard LaTeX Graphics (DPC,SPQR)
(/Users/yannryan/Library/TinyTeX/texmf-dist/tex/latex/graphics/trig.sty
Package: trig 2021/08/11 v1.11 sin cos tan (DPC)
) (/Users/yannryan/Library/TinyTeX/texmf-dist/tex/latex/graphics-cfg/graphics.cfg
File: graphics.cfg 2016/06/04 v1.11 sample graphics configuration
)
Package graphics Info: Driver file: xetex.def on input line 107.
)
\Gin@req@height=\dimen176
\Gin@req@width=\dimen177
) (/Users/yannryan/Library/TinyTeX/texmf-dist/tex/latex/multirow/multirow.sty
Package: multirow 2021/03/15 v2.8 Span multiple rows of a table
\multirow@colwidth=\skip62
\multirow@cntb=\count302
\multirow@dima=\skip63
\bigstrutjot=\dimen178
) (/Users/yannryan/Library/TinyTeX/texmf-dist/tex/latex/wrapfig/wrapfig.sty
\wrapoverhang=\dimen179
\WF@size=\dimen180
\c@WF@wrappedlines=\count303
\WF@box=\box63
\WF@everypar=\toks24
Package: wrapfig 2003/01/31  v 3.6
) (/Users/yannryan/Library/TinyTeX/texmf-dist/tex/latex/float/float.sty
Package: float 2001/11/08 v1.3d Float enhancements (AL)
\c@float@type=\count304
\float@exts=\toks25
\float@box=\box64
\@float@everytoks=\toks26
\@floatcapt=\box65
) (/Users/yannryan/Library/TinyTeX/texmf-dist/tex/latex/colortbl/colortbl.sty
Package: colortbl 2022/06/20 v1.0f Color table columns (DPC)
\everycr=\toks27
\minrowclearance=\skip64
\rownum=\count305
) (/Users/yannryan/Library/TinyTeX/texmf-dist/tex/latex/pdflscape/pdflscape.sty
Package: pdflscape 2019/12/05 v0.12 Display of landscape pages in PDF (HO)
(/Users/yannryan/Library/TinyTeX/texmf-dist/tex/latex/graphics/lscape.sty
Package: lscape 2020/05/28 v3.02 Landscape Pages (DPC)
)
Package pdflscape Info: Auto-detected driver: dvipdfm (xetex) on input line 98.
(/Users/yannryan/Library/TinyTeX/texmf-dist/tex/latex/base/atbegshi-ltx.sty
Package: atbegshi-ltx 2021/01/10 v1.0c Emulation of the original atbegshi
package with kernel methods
)) (/Users/yannryan/Library/TinyTeX/texmf-dist/tex/latex/tabu/tabu.sty
Package: tabu 2019/01/11 v2.9 - flexible LaTeX tabulars (FC+tabu-fixed)
(/Users/yannryan/Library/TinyTeX/texmf-dist/tex/latex/varwidth/varwidth.sty
Package: varwidth 2009/03/30 ver 0.92;  Variable-width minipages
\@vwid@box=\box66
\sift@deathcycles=\count306
\@vwid@loff=\dimen181
\@vwid@roff=\dimen182
)
\c@taburow=\count307
\tabu@nbcols=\count308
\tabu@cnt=\count309
\tabu@Xcol=\count310
\tabu@alloc=\count311
\tabu@nested=\count312
\tabu@target=\dimen183
\tabu@spreadtarget=\dimen184
\tabu@naturalX=\dimen185
\tabucolX=\dimen186
\tabu@Xsum=\dimen187
\extrarowdepth=\dimen188
\abovetabulinesep=\dimen189
\belowtabulinesep=\dimen190
\tabustrutrule=\dimen191
\tabu@thebody=\toks28
\tabu@footnotes=\toks29
\tabu@box=\box67
\tabu@arstrutbox=\box68
\tabu@hleads=\box69
\tabu@vleads=\box70
\tabu@cellskip=\skip65
) (/Users/yannryan/Library/TinyTeX/texmf-dist/tex/latex/threeparttable/threeparttable.sty
Package: threeparttable 2003/06/13  v 3.0
\@tempboxb=\box71
) (/Users/yannryan/Library/TinyTeX/texmf-dist/tex/latex/threeparttablex/threeparttablex.sty
Package: threeparttablex 2013/07/23 v0.3 by daleif
(/Users/yannryan/Library/TinyTeX/texmf-dist/tex/latex/environ/environ.sty
Package: environ 2014/05/04 v0.3 A new way to define environments
(/Users/yannryan/Library/TinyTeX/texmf-dist/tex/latex/trimspaces/trimspaces.sty
Package: trimspaces 2009/09/17 v1.1 Trim spaces around a token list
))
\TPTL@width=\skip66
) (/Users/yannryan/Library/TinyTeX/texmf-dist/tex/generic/ulem/ulem.sty
\UL@box=\box72
\UL@hyphenbox=\box73
\UL@skip=\skip67
\UL@hook=\toks30
\UL@height=\dimen192
\UL@pe=\count313
\UL@pixel=\dimen193
\ULC@box=\box74
Package: ulem 2019/11/18
\ULdepth=\dimen194
) (/Users/yannryan/Library/TinyTeX/texmf-dist/tex/latex/makecell/makecell.sty
Package: makecell 2009/08/03 V0.1e Managing of Tab Column Heads and Cells
\rotheadsize=\dimen195
\c@nlinenum=\count314
\TeXr@lab=\toks31
) (/Users/yannryan/Library/TinyTeX/texmf-dist/tex/latex/natbib/natbib.sty
Package: natbib 2010/09/13 8.31b (PWD, AO)
\bibhang=\skip68
\bibsep=\skip69
LaTeX Info: Redefining \cite on input line 694.
\c@NAT@ctr=\count315
) (/Users/yannryan/Library/TinyTeX/texmf-dist/tex/latex/hyperref/hyperref.sty
Package: hyperref 2022-09-22 v7.00t Hypertext links for LaTeX
(/Users/yannryan/Library/TinyTeX/texmf-dist/tex/generic/ltxcmds/ltxcmds.sty
Package: ltxcmds 2020-05-10 v1.25 LaTeX kernel commands for general use (HO)
) (/Users/yannryan/Library/TinyTeX/texmf-dist/tex/generic/pdftexcmds/pdftexcmds.sty
Package: pdftexcmds 2020-06-27 v0.33 Utility functions of pdfTeX for LuaTeX (HO)
(/Users/yannryan/Library/TinyTeX/texmf-dist/tex/generic/infwarerr/infwarerr.sty
Package: infwarerr 2019/12/03 v1.5 Providing info/warning/error messages (HO)
)
Package pdftexcmds Info: \pdf@primitive is available.
Package pdftexcmds Info: \pdf@ifprimitive is available.
Package pdftexcmds Info: \pdfdraftmode not found.
) (/Users/yannryan/Library/TinyTeX/texmf-dist/tex/generic/kvsetkeys/kvsetkeys.sty
Package: kvsetkeys 2019/12/15 v1.18 Key value parser (HO)
) (/Users/yannryan/Library/TinyTeX/texmf-dist/tex/generic/kvdefinekeys/kvdefinekeys.sty
Package: kvdefinekeys 2019-12-19 v1.6 Define keys (HO)
) (/Users/yannryan/Library/TinyTeX/texmf-dist/tex/generic/pdfescape/pdfescape.sty
Package: pdfescape 2019/12/09 v1.15 Implements pdfTeX's escape features (HO)
) (/Users/yannryan/Library/TinyTeX/texmf-dist/tex/latex/hycolor/hycolor.sty
Package: hycolor 2020-01-27 v1.10 Color options for hyperref/bookmark (HO)
) (/Users/yannryan/Library/TinyTeX/texmf-dist/tex/latex/letltxmacro/letltxmacro.sty
Package: letltxmacro 2019/12/03 v1.6 Let assignment for LaTeX macros (HO)
) (/Users/yannryan/Library/TinyTeX/texmf-dist/tex/latex/auxhook/auxhook.sty
Package: auxhook 2019-12-17 v1.6 Hooks for auxiliary files (HO)
) (/Users/yannryan/Library/TinyTeX/texmf-dist/tex/latex/hyperref/nameref.sty
Package: nameref 2022-05-17 v2.50 Cross-referencing by name of section
(/Users/yannryan/Library/TinyTeX/texmf-dist/tex/latex/refcount/refcount.sty
Package: refcount 2019/12/15 v3.6 Data extraction from label references (HO)
) (/Users/yannryan/Library/TinyTeX/texmf-dist/tex/generic/gettitlestring/gettitlestring.sty
Package: gettitlestring 2019/12/15 v1.6 Cleanup title references (HO)
(/Users/yannryan/Library/TinyTeX/texmf-dist/tex/latex/kvoptions/kvoptions.sty
Package: kvoptions 2022-06-15 v3.15 Key value format for package options (HO)
))
\c@section@level=\count316
)
\@linkdim=\dimen196
\Hy@linkcounter=\count317
\Hy@pagecounter=\count318
(/Users/yannryan/Library/TinyTeX/texmf-dist/tex/latex/hyperref/pd1enc.def
File: pd1enc.def 2022-09-22 v7.00t Hyperref: PDFDocEncoding definition (HO)
) (/Users/yannryan/Library/TinyTeX/texmf-dist/tex/generic/intcalc/intcalc.sty
Package: intcalc 2019/12/15 v1.3 Expandable calculations with integers (HO)
) (/Users/yannryan/Library/TinyTeX/texmf-dist/tex/generic/etexcmds/etexcmds.sty
Package: etexcmds 2019/12/15 v1.7 Avoid name clashes with e-TeX commands (HO)
)
\Hy@SavedSpaceFactor=\count319
(/Users/yannryan/Library/TinyTeX/texmf-dist/tex/latex/hyperref/puenc.def
File: puenc.def 2022-09-22 v7.00t Hyperref: PDF Unicode definition (HO)
)
Package hyperref Info: Option `unicode' set `true' on input line 4045.
Package hyperref Info: Hyper figures OFF on input line 4162.
Package hyperref Info: Link nesting OFF on input line 4167.
Package hyperref Info: Hyper index ON on input line 4170.
Package hyperref Info: Plain pages OFF on input line 4177.
Package hyperref Info: Backreferencing OFF on input line 4182.
Package hyperref Info: Implicit mode ON; LaTeX internals redefined.
Package hyperref Info: Bookmarks ON on input line 4410.
\c@Hy@tempcnt=\count320
(/Users/yannryan/Library/TinyTeX/texmf-dist/tex/latex/url/url.sty
\Urlmuskip=\muskip18
Package: url 2013/09/16  ver 3.4  Verb mode for urls, etc.
)
LaTeX Info: Redefining \url on input line 4748.
\XeTeXLinkMargin=\dimen197
(/Users/yannryan/Library/TinyTeX/texmf-dist/tex/generic/bitset/bitset.sty
Package: bitset 2019/12/09 v1.3 Handle bit-vector datatype (HO)
(/Users/yannryan/Library/TinyTeX/texmf-dist/tex/generic/bigintcalc/bigintcalc.sty
Package: bigintcalc 2019/12/15 v1.5 Expandable calculations on big integers (HO)
))
\Fld@menulength=\count321
\Field@Width=\dimen198
\Fld@charsize=\dimen199
Package hyperref Info: Hyper figures OFF on input line 6027.
Package hyperref Info: Link nesting OFF on input line 6032.
Package hyperref Info: Hyper index ON on input line 6035.
Package hyperref Info: backreferencing OFF on input line 6042.
Package hyperref Info: Link coloring OFF on input line 6047.
Package hyperref Info: Link coloring with OCG OFF on input line 6052.
Package hyperref Info: PDF/A mode OFF on input line 6057.
\Hy@abspage=\count322
\c@Item=\count323
\c@Hfootnote=\count324
)
Package hyperref Info: Driver (autodetected): hxetex.
(/Users/yannryan/Library/TinyTeX/texmf-dist/tex/latex/hyperref/hxetex.def
File: hxetex.def 2022-09-22 v7.00t Hyperref driver for XeTeX
(/Users/yannryan/Library/TinyTeX/texmf-dist/tex/generic/stringenc/stringenc.sty
Package: stringenc 2019/11/29 v1.12 Convert strings between diff. encodings (HO)
)
\pdfm@box=\box75
\c@Hy@AnnotLevel=\count325
\HyField@AnnotCount=\count326
\Fld@listcount=\count327
\c@bookmark@seq@number=\count328
(/Users/yannryan/Library/TinyTeX/texmf-dist/tex/latex/rerunfilecheck/rerunfilecheck.sty
Package: rerunfilecheck 2022-07-10 v1.10 Rerun checks for auxiliary files (HO)
(/Users/yannryan/Library/TinyTeX/texmf-dist/tex/latex/base/atveryend-ltx.sty
Package: atveryend-ltx 2020/08/19 v1.0a Emulation of the original atveryend package
with kernel methods
) (/Users/yannryan/Library/TinyTeX/texmf-dist/tex/generic/uniquecounter/uniquecounter.sty
Package: uniquecounter 2019/12/15 v1.4 Provide unlimited unique counter (HO)
)
Package uniquecounter Info: New unique counter `rerunfilecheck' on input line 285.
)
\Hy@SectionHShift=\skip70
) (./_main.aux)
\openout1 = `_main.aux'.

LaTeX Font Info:    Checking defaults for OML/cmm/m/it on input line 136.
LaTeX Font Info:    ... okay on input line 136.
LaTeX Font Info:    Checking defaults for OMS/cmsy/m/n on input line 136.
LaTeX Font Info:    ... okay on input line 136.
LaTeX Font Info:    Checking defaults for OT1/cmr/m/n on input line 136.
LaTeX Font Info:    ... okay on input line 136.
LaTeX Font Info:    Checking defaults for T1/cmr/m/n on input line 136.
LaTeX Font Info:    ... okay on input line 136.
LaTeX Font Info:    Checking defaults for TS1/cmr/m/n on input line 136.
LaTeX Font Info:    ... okay on input line 136.
LaTeX Font Info:    Checking defaults for TU/lmr/m/n on input line 136.
LaTeX Font Info:    ... okay on input line 136.
LaTeX Font Info:    Checking defaults for OMX/cmex/m/n on input line 136.
LaTeX Font Info:    ... okay on input line 136.
LaTeX Font Info:    Checking defaults for U/cmr/m/n on input line 136.
LaTeX Font Info:    ... okay on input line 136.
LaTeX Font Info:    Checking defaults for PD1/pdf/m/n on input line 136.
LaTeX Font Info:    ... okay on input line 136.
LaTeX Font Info:    Checking defaults for PU/pdf/m/n on input line 136.
LaTeX Font Info:    ... okay on input line 136.
LaTeX Font Info:    Overwriting math alphabet `\mathrm' in version `normal'
(Font)                  OT1/lmr/m/n --> TU/lmr/m/n on input line 136.
LaTeX Font Info:    Overwriting math alphabet `\mathit' in version `normal'
(Font)                  OT1/lmr/m/it --> TU/lmr/m/it on input line 136.
LaTeX Font Info:    Overwriting math alphabet `\mathbf' in version `normal'
(Font)                  OT1/lmr/bx/n --> TU/lmr/bx/n on input line 136.
LaTeX Font Info:    Overwriting math alphabet `\mathsf' in version `normal'
(Font)                  OT1/lmss/m/n --> TU/lmss/m/n on input line 136.
LaTeX Font Info:    Overwriting math alphabet `\mathsf' in version `bold'
(Font)                  OT1/lmss/bx/n --> TU/lmss/bx/n on input line 136.
LaTeX Font Info:    Overwriting math alphabet `\mathtt' in version `normal'
(Font)                  OT1/lmtt/m/n --> TU/lmtt/m/n on input line 136.
LaTeX Font Info:    Overwriting math alphabet `\mathtt' in version `bold'
(Font)                  OT1/lmtt/m/n --> TU/lmtt/bx/n on input line 136.

Package fontspec Info: latinmodern-math scale = 0.9999964596882403.


Package fontspec Info: latinmodern-math scale = 0.9999964596882403.


Package fontspec Info: latinmodern-math scale = 0.9999964596882403.


Package fontspec Info: Font family 'latinmodern-math.otf(0)' created for font
(fontspec)             'latinmodern-math.otf' with options
(fontspec)             [Scale=MatchLowercase,BoldItalicFont={},ItalicFont={},SmallCapsFont={},Script=Math,BoldFont={latinmodern-math.otf}].
(fontspec)              
(fontspec)              This font family consists of the following NFSS
(fontspec)             series/shapes:
(fontspec)              
(fontspec)             - 'normal' (m/n) with NFSS spec.:
(fontspec)             <->s*[0.9999964596882403]"[latinmodern-math.otf]/OT:script=math;language=dflt;"
(fontspec)             - 'small caps'  (m/sc) with NFSS spec.: 
(fontspec)             - 'bold' (b/n) with NFSS spec.:
(fontspec)             <->s*[0.9999964596882403]"[latinmodern-math.otf]/OT:script=math;language=dflt;"
(fontspec)             - 'bold small caps'  (b/sc) with NFSS spec.: 

LaTeX Font Info:    Font shape `TU/latinmodern-math.otf(0)/m/n' will be
(Font)              scaled to size 10.0pt on input line 136.

Package fontspec Info: latinmodern-math scale = 0.9999964596882403.


Package fontspec Info: latinmodern-math scale = 0.9999964596882403.


Package fontspec Info: latinmodern-math scale = 0.9999964596882403.


Package fontspec Info: latinmodern-math scale = 0.9999964596882403.


Package fontspec Info: latinmodern-math scale = 0.9999964596882403.


Package fontspec Info: Font family 'latinmodern-math.otf(1)' created for font
(fontspec)             'latinmodern-math.otf' with options
(fontspec)             [Scale=MatchLowercase,BoldItalicFont={},ItalicFont={},SmallCapsFont={},Script=Math,SizeFeatures={{Size=8.5-},{Size=6-8.5,Font=latinmodern-math.otf,Style=MathScript},{Size=-6,Font=latinmodern-math.otf,Style=MathScriptScript}},BoldFont={latinmodern-math.otf}].
(fontspec)              
(fontspec)              This font family consists of the following NFSS
(fontspec)             series/shapes:
(fontspec)              
(fontspec)             - 'normal' (m/n) with NFSS spec.:
(fontspec)             <8.5->s*[0.9999964596882403]"[latinmodern-math.otf]/OT:script=math;language=dflt;"<6-8.5>s*[0.9999964596882403]"[latinmodern-math.otf]/OT:script=math;language=dflt;+ssty=0;"<-6>s*[0.9999964596882403]"[latinmodern-math.otf]/OT:script=math;language=dflt;+ssty=1;"
(fontspec)             - 'small caps'  (m/sc) with NFSS spec.: 
(fontspec)             - 'bold' (b/n) with NFSS spec.:
(fontspec)             <->s*[0.9999964596882403]"[latinmodern-math.otf]/OT:script=math;language=dflt;"
(fontspec)             - 'bold small caps'  (b/sc) with NFSS spec.: 

LaTeX Font Info:    Font shape `TU/latinmodern-math.otf(1)/m/n' will be
(Font)              scaled to size 10.0pt on input line 136.
LaTeX Font Info:    Encoding `OT1' has changed to `TU' for symbol font
(Font)              `operators' in the math version `normal' on input line 136.
LaTeX Font Info:    Overwriting symbol font `operators' in version `normal'
(Font)                  OT1/lmr/m/n --> TU/latinmodern-math.otf(1)/m/n on input line 136.
LaTeX Font Info:    Encoding `OT1' has changed to `TU' for symbol font
(Font)              `operators' in the math version `bold' on input line 136.
LaTeX Font Info:    Overwriting symbol font `operators' in version `bold'
(Font)                  OT1/lmr/bx/n --> TU/latinmodern-math.otf(1)/b/n on input line 136.

Package fontspec Info: latinmodern-math scale = 0.9999964596882403.


Package fontspec Info: latinmodern-math scale = 1.000096459334209.


Package fontspec Info: latinmodern-math scale = 0.9999964596882403.


Package fontspec Info: latinmodern-math scale = 1.000096459334209.


Package fontspec Info: latinmodern-math scale = 0.9999964596882403.


Package fontspec Info: latinmodern-math scale = 1.000096459334209.


Package fontspec Info: latinmodern-math scale = 0.9999964596882403.


Package fontspec Info: latinmodern-math scale = 1.000096459334209.


Package fontspec Info: latinmodern-math scale = 0.9999964596882403.


Package fontspec Info: latinmodern-math scale = 1.000096459334209.


Package fontspec Info: Font family 'latinmodern-math.otf(2)' created for font
(fontspec)             'latinmodern-math.otf' with options
(fontspec)             [Scale=MatchLowercase,BoldItalicFont={},ItalicFont={},SmallCapsFont={},Script=Math,SizeFeatures={{Size=8.5-},{Size=6-8.5,Font=latinmodern-math.otf,Style=MathScript},{Size=-6,Font=latinmodern-math.otf,Style=MathScriptScript}},BoldFont={latinmodern-math.otf},ScaleAgain=1.0001,FontAdjustment={\fontdimen
(fontspec)             8\font =6.77pt\relax \fontdimen 9\font =3.94pt\relax
(fontspec)             \fontdimen 10\font =4.44pt\relax \fontdimen 11\font
(fontspec)             =6.86pt\relax \fontdimen 12\font =3.45pt\relax
(fontspec)             \fontdimen 13\font =3.63pt\relax \fontdimen 14\font
(fontspec)             =3.63pt\relax \fontdimen 15\font =2.89pt\relax
(fontspec)             \fontdimen 16\font =2.47pt\relax \fontdimen 17\font
(fontspec)             =2.47pt\relax \fontdimen 18\font =2.5pt\relax
(fontspec)             \fontdimen 19\font =2.0pt\relax \fontdimen 22\font
(fontspec)             =2.5pt\relax \fontdimen 20\font =0pt\relax \fontdimen
(fontspec)             21\font =0pt\relax }].
(fontspec)              
(fontspec)              This font family consists of the following NFSS
(fontspec)             series/shapes:
(fontspec)              
(fontspec)             - 'normal' (m/n) with NFSS spec.:
(fontspec)             <8.5->s*[1.000096459334209]"[latinmodern-math.otf]/OT:script=math;language=dflt;"<6-8.5>s*[1.000096459334209]"[latinmodern-math.otf]/OT:script=math;language=dflt;+ssty=0;"<-6>s*[1.000096459334209]"[latinmodern-math.otf]/OT:script=math;language=dflt;+ssty=1;"
(fontspec)             - 'small caps'  (m/sc) with NFSS spec.: 
(fontspec)             and font adjustment code:
(fontspec)             \fontdimen 8\font =6.77pt\relax \fontdimen 9\font
(fontspec)             =3.94pt\relax \fontdimen 10\font =4.44pt\relax
(fontspec)             \fontdimen 11\font =6.86pt\relax \fontdimen 12\font
(fontspec)             =3.45pt\relax \fontdimen 13\font =3.63pt\relax
(fontspec)             \fontdimen 14\font =3.63pt\relax \fontdimen 15\font
(fontspec)             =2.89pt\relax \fontdimen 16\font =2.47pt\relax
(fontspec)             \fontdimen 17\font =2.47pt\relax \fontdimen 18\font
(fontspec)             =2.5pt\relax \fontdimen 19\font =2.0pt\relax \fontdimen
(fontspec)             22\font =2.5pt\relax \fontdimen 20\font =0pt\relax
(fontspec)             \fontdimen 21\font =0pt\relax 
(fontspec)             - 'bold' (b/n) with NFSS spec.:
(fontspec)             <->s*[1.000096459334209]"[latinmodern-math.otf]/OT:script=math;language=dflt;"
(fontspec)             - 'bold small caps'  (b/sc) with NFSS spec.: 
(fontspec)             and font adjustment code:
(fontspec)             \fontdimen 8\font =6.77pt\relax \fontdimen 9\font
(fontspec)             =3.94pt\relax \fontdimen 10\font =4.44pt\relax
(fontspec)             \fontdimen 11\font =6.86pt\relax \fontdimen 12\font
(fontspec)             =3.45pt\relax \fontdimen 13\font =3.63pt\relax
(fontspec)             \fontdimen 14\font =3.63pt\relax \fontdimen 15\font
(fontspec)             =2.89pt\relax \fontdimen 16\font =2.47pt\relax
(fontspec)             \fontdimen 17\font =2.47pt\relax \fontdimen 18\font
(fontspec)             =2.5pt\relax \fontdimen 19\font =2.0pt\relax \fontdimen
(fontspec)             22\font =2.5pt\relax \fontdimen 20\font =0pt\relax
(fontspec)             \fontdimen 21\font =0pt\relax 

LaTeX Font Info:    Encoding `OMS' has changed to `TU' for symbol font
(Font)              `symbols' in the math version `normal' on input line 136.
LaTeX Font Info:    Overwriting symbol font `symbols' in version `normal'
(Font)                  OMS/lmsy/m/n --> TU/latinmodern-math.otf(2)/m/n on input line 136.
LaTeX Font Info:    Encoding `OMS' has changed to `TU' for symbol font
(Font)              `symbols' in the math version `bold' on input line 136.
LaTeX Font Info:    Overwriting symbol font `symbols' in version `bold'
(Font)                  OMS/lmsy/b/n --> TU/latinmodern-math.otf(2)/b/n on input line 136.

Package fontspec Info: latinmodern-math scale = 0.9999964596882403.


Package fontspec Info: latinmodern-math scale = 0.9998964600422715.


Package fontspec Info: latinmodern-math scale = 0.9999964596882403.


Package fontspec Info: latinmodern-math scale = 0.9998964600422715.


Package fontspec Info: latinmodern-math scale = 0.9999964596882403.


Package fontspec Info: latinmodern-math scale = 0.9998964600422715.


Package fontspec Info: latinmodern-math scale = 0.9999964596882403.


Package fontspec Info: latinmodern-math scale = 0.9998964600422715.


Package fontspec Info: latinmodern-math scale = 0.9999964596882403.


Package fontspec Info: latinmodern-math scale = 0.9998964600422715.


Package fontspec Info: Font family 'latinmodern-math.otf(3)' created for font
(fontspec)             'latinmodern-math.otf' with options
(fontspec)             [Scale=MatchLowercase,BoldItalicFont={},ItalicFont={},SmallCapsFont={},Script=Math,SizeFeatures={{Size=8.5-},{Size=6-8.5,Font=latinmodern-math.otf,Style=MathScript},{Size=-6,Font=latinmodern-math.otf,Style=MathScriptScript}},BoldFont={latinmodern-math.otf},ScaleAgain=0.9999,FontAdjustment={\fontdimen
(fontspec)             8\font =0.4pt\relax \fontdimen 9\font =2.0pt\relax
(fontspec)             \fontdimen 10\font =1.67pt\relax \fontdimen 11\font
(fontspec)             =1.11pt\relax \fontdimen 12\font =6.0pt\relax
(fontspec)             \fontdimen 13\font =0pt\relax }].
(fontspec)              
(fontspec)              This font family consists of the following NFSS
(fontspec)             series/shapes:
(fontspec)              
(fontspec)             - 'normal' (m/n) with NFSS spec.:
(fontspec)             <8.5->s*[0.9998964600422715]"[latinmodern-math.otf]/OT:script=math;language=dflt;"<6-8.5>s*[0.9998964600422715]"[latinmodern-math.otf]/OT:script=math;language=dflt;+ssty=0;"<-6>s*[0.9998964600422715]"[latinmodern-math.otf]/OT:script=math;language=dflt;+ssty=1;"
(fontspec)             - 'small caps'  (m/sc) with NFSS spec.: 
(fontspec)             and font adjustment code:
(fontspec)             \fontdimen 8\font =0.4pt\relax \fontdimen 9\font
(fontspec)             =2.0pt\relax \fontdimen 10\font =1.67pt\relax
(fontspec)             \fontdimen 11\font =1.11pt\relax \fontdimen 12\font
(fontspec)             =6.0pt\relax \fontdimen 13\font =0pt\relax 
(fontspec)             - 'bold' (b/n) with NFSS spec.:
(fontspec)             <->s*[0.9998964600422715]"[latinmodern-math.otf]/OT:script=math;language=dflt;"
(fontspec)             - 'bold small caps'  (b/sc) with NFSS spec.: 
(fontspec)             and font adjustment code:
(fontspec)             \fontdimen 8\font =0.4pt\relax \fontdimen 9\font
(fontspec)             =2.0pt\relax \fontdimen 10\font =1.67pt\relax
(fontspec)             \fontdimen 11\font =1.11pt\relax \fontdimen 12\font
(fontspec)             =6.0pt\relax \fontdimen 13\font =0pt\relax 

LaTeX Font Info:    Encoding `OMX' has changed to `TU' for symbol font
(Font)              `largesymbols' in the math version `normal' on input line 136.
LaTeX Font Info:    Overwriting symbol font `largesymbols' in version `normal'
(Font)                  OMX/lmex/m/n --> TU/latinmodern-math.otf(3)/m/n on input line 136.
LaTeX Font Info:    Encoding `OMX' has changed to `TU' for symbol font
(Font)              `largesymbols' in the math version `bold' on input line 136.
LaTeX Font Info:    Overwriting symbol font `largesymbols' in version `bold'
(Font)                  OMX/lmex/m/n --> TU/latinmodern-math.otf(3)/b/n on input line 136.
Package hyperref Info: Link coloring OFF on input line 136.
(./_main.out) (./_main.out)
\@outlinefile=\write4
\openout4 = `_main.out'.

LaTeX Font Info:    Font shape `TU/latinmodern-math.otf(1)/m/n' will be
(Font)              scaled to size 12.0pt on input line 138.
LaTeX Font Info:    Font shape `TU/latinmodern-math.otf(1)/m/n' will be
(Font)              scaled to size 8.0pt on input line 138.
LaTeX Font Info:    Font shape `TU/latinmodern-math.otf(1)/m/n' will be
(Font)              scaled to size 6.0pt on input line 138.
LaTeX Font Info:    Trying to load font information for OML+lmm on input line 138.
(/Users/yannryan/Library/TinyTeX/texmf-dist/tex/latex/lm/omllmm.fd
File: omllmm.fd 2015/05/01 v1.6.1 Font defs for Latin Modern
)
LaTeX Font Info:    Font shape `TU/latinmodern-math.otf(2)/m/n' will be
(Font)              scaled to size 12.0011pt on input line 138.
LaTeX Font Info:    Font shape `TU/latinmodern-math.otf(2)/m/n' will be
(Font)              scaled to size 8.00073pt on input line 138.
LaTeX Font Info:    Font shape `TU/latinmodern-math.otf(2)/m/n' will be
(Font)              scaled to size 6.00055pt on input line 138.
LaTeX Font Info:    Font shape `TU/latinmodern-math.otf(3)/m/n' will be
(Font)              scaled to size 11.99872pt on input line 138.
LaTeX Font Info:    Font shape `TU/latinmodern-math.otf(3)/m/n' will be
(Font)              scaled to size 7.99915pt on input line 138.
LaTeX Font Info:    Font shape `TU/latinmodern-math.otf(3)/m/n' will be
(Font)              scaled to size 5.99936pt on input line 138.
LaTeX Font Info:    Trying to load font information for U+msa on input line 138.
(/Users/yannryan/Library/TinyTeX/texmf-dist/tex/latex/amsfonts/umsa.fd
File: umsa.fd 2013/01/14 v3.01 AMS symbols A
)
LaTeX Font Info:    Trying to load font information for U+msb on input line 138.
(/Users/yannryan/Library/TinyTeX/texmf-dist/tex/latex/amsfonts/umsb.fd
File: umsb.fd 2013/01/14 v3.01 AMS symbols B
) [1


] [2

] (./_main.toc
LaTeX Font Info:    Font shape `TU/latinmodern-math.otf(1)/m/n' will be
(Font)              scaled to size 7.0pt on input line 2.
LaTeX Font Info:    Font shape `TU/latinmodern-math.otf(1)/m/n' will be
(Font)              scaled to size 5.0pt on input line 2.
LaTeX Font Info:    Font shape `TU/latinmodern-math.otf(2)/m/n' will be
(Font)              scaled to size 10.00092pt on input line 2.
LaTeX Font Info:    Font shape `TU/latinmodern-math.otf(2)/m/n' will be
(Font)              scaled to size 7.00064pt on input line 2.
LaTeX Font Info:    Font shape `TU/latinmodern-math.otf(2)/m/n' will be
(Font)              scaled to size 5.00046pt on input line 2.
LaTeX Font Info:    Font shape `TU/latinmodern-math.otf(3)/m/n' will be
(Font)              scaled to size 9.99893pt on input line 2.
LaTeX Font Info:    Font shape `TU/latinmodern-math.otf(3)/m/n' will be
(Font)              scaled to size 6.99925pt on input line 2.
LaTeX Font Info:    Font shape `TU/latinmodern-math.otf(3)/m/n' will be
(Font)              scaled to size 4.99947pt on input line 2.
[3] [4])
\tf@toc=\write5
\openout5 = `_main.toc'.

[5] [6

]
Chapter 1.
[7] [8] [9] [10

]
Chapter 2.

Underfull \hbox (badness 10000) in paragraph at lines 288--289
\TU/lmtt/m/n/10 manufactured work) in which threads, wires, etc., are crossed or
 []

[11] [12]
File: images/Screenshot 2022-10-03 at 11.42.11.png Graphic file (type bmp)
<images/Screenshot 2022-10-03 at 11.42.11.png>

Underfull \vbox (badness 3514) has occurred while \output is active []

[13]
File: images/Screenshot 2022-10-03 at 11.23.15.png Graphic file (type bmp)
<images/Screenshot 2022-10-03 at 11.23.15.png>

Overfull \hbox (31.40282pt too wide) in paragraph at lines 335--336
[][] 
 []

File: images/Screenshot 2022-10-03 at 11.26.54.png Graphic file (type bmp)
<images/Screenshot 2022-10-03 at 11.26.54.png>

Overfull \hbox (106.6729pt too wide) in paragraph at lines 342--343
[][] 
 []


Underfull \vbox (badness 3417) has occurred while \output is active []

[14]
File: images/Screenshot 2022-10-03 at 11.46.29.png Graphic file (type bmp)
<images/Screenshot 2022-10-03 at 11.46.29.png>

Underfull \vbox (badness 10000) has occurred while \output is active []

[15] [16]
File: images/Screenshot 2022-09-26 at 11.25.49.png Graphic file (type bmp)
<images/Screenshot 2022-09-26 at 11.25.49.png>

Underfull \vbox (badness 7030) has occurred while \output is active []

[17]
File: images/shouldyoudonetworkanalysis_xxl.jpg Graphic file (type bmp)
<images/shouldyoudonetworkanalysis_xxl.jpg>

Overfull \hbox (31.40192pt too wide) in paragraph at lines 374--375
 [][] 
 []

File: images/Screenshot 2022-09-26 at 11.42.32.png Graphic file (type bmp)
<images/Screenshot 2022-09-26 at 11.42.32.png>
[18] [19]
File: images/Screenshot 2022-09-26 at 11.42.58.png Graphic file (type bmp)
<images/Screenshot 2022-09-26 at 11.42.58.png>
[20]
File: images/Screenshot 2022-09-26 at 11.31.15.png Graphic file (type bmp)
<images/Screenshot 2022-09-26 at 11.31.15.png>
File: _main_files/figure-latex/unnamed-chunk-1-1.pdf Graphic file (type pdf)
<use _main_files/figure-latex/unnamed-chunk-1-1.pdf>
[21] [22]
File: images/bipartite.png Graphic file (type bmp)
<images/bipartite.png>

Overfull \hbox (31.4105pt too wide) in paragraph at lines 464--465
[][] 
 []


Underfull \vbox (badness 10000) has occurred while \output is active []

[23]
File: _main_files/figure-latex/unnamed-chunk-2-1.pdf Graphic file (type pdf)
<use _main_files/figure-latex/unnamed-chunk-2-1.pdf>
File: images/1920px-Hypergraph-wikipedia.svg.png Graphic file (type bmp)
<images/1920px-Hypergraph-wikipedia.svg.png>

Overfull \hbox (31.40532pt too wide) in paragraph at lines 490--491
 [][] 
 []

[24]
File: images/viabundus.png Graphic file (type bmp)
<images/viabundus.png>

Overfull \hbox (31.40166pt too wide) in paragraph at lines 507--508
 [][] 
 []

[25] [26] [27] [28] [29] [30]
Chapter 3.

Underfull \vbox (badness 1215) has occurred while \output is active []

[31

]
File: images/Screenshot 2022-09-27 at 12.50.25.png Graphic file (type bmp)
<images/Screenshot 2022-09-27 at 12.50.25.png>

Overfull \hbox (40.81934pt too wide) has occurred while \output is active
\TU/lmr/m/n/10 32 \TU/lmr/m/sl/10 CHAPTER 3.  WEEK 1, CLASS 2: INTRODUCTION TO R AND THE TIDYVERSE
 []

[32] [33]
Overfull \hbox (40.81934pt too wide) has occurred while \output is active
\TU/lmr/m/n/10 34 \TU/lmr/m/sl/10 CHAPTER 3.  WEEK 1, CLASS 2: INTRODUCTION TO R AND THE TIDYVERSE
 []

[34] [35]
Overfull \hbox (40.81934pt too wide) has occurred while \output is active
\TU/lmr/m/n/10 36 \TU/lmr/m/sl/10 CHAPTER 3.  WEEK 1, CLASS 2: INTRODUCTION TO R AND THE TIDYVERSE
 []

[36] [37]
Overfull \hbox (40.81934pt too wide) has occurred while \output is active
\TU/lmr/m/n/10 38 \TU/lmr/m/sl/10 CHAPTER 3.  WEEK 1, CLASS 2: INTRODUCTION TO R AND THE TIDYVERSE
 []

[38] [39]
File: _main_files/figure-latex/unnamed-chunk-25-1.pdf Graphic file (type pdf)
<use _main_files/figure-latex/unnamed-chunk-25-1.pdf>

Underfull \vbox (badness 2653) has occurred while \output is active []


Overfull \hbox (40.81934pt too wide) has occurred while \output is active
\TU/lmr/m/n/10 40 \TU/lmr/m/sl/10 CHAPTER 3.  WEEK 1, CLASS 2: INTRODUCTION TO R AND THE TIDYVERSE
 []

[40]
File: _main_files/figure-latex/unnamed-chunk-26-1.pdf Graphic file (type pdf)
<use _main_files/figure-latex/unnamed-chunk-26-1.pdf>
[41]
File: _main_files/figure-latex/unnamed-chunk-27-1.pdf Graphic file (type pdf)
<use _main_files/figure-latex/unnamed-chunk-27-1.pdf>

Overfull \hbox (90.75pt too wide) in paragraph at lines 1070--1070
[]\TU/lmtt/m/n/10 ## -- Column specification --------------------------------------------------------[] 
 []


Overfull \hbox (43.5pt too wide) in paragraph at lines 1070--1070
[]\TU/lmtt/m/n/10 ## i Use `spec()` to retrieve the full column specification for this data.[] 
 []


Overfull \hbox (96.0pt too wide) in paragraph at lines 1070--1070
[]\TU/lmtt/m/n/10 ## i Specify the column types or set `show_col_types = FALSE` to quiet this message.[] 
 []


Overfull \hbox (40.81934pt too wide) has occurred while \output is active
\TU/lmr/m/n/10 42 \TU/lmr/m/sl/10 CHAPTER 3.  WEEK 1, CLASS 2: INTRODUCTION TO R AND THE TIDYVERSE
 []

[42] [43]
Overfull \hbox (40.81934pt too wide) has occurred while \output is active
\TU/lmr/m/n/10 44 \TU/lmr/m/sl/10 CHAPTER 3.  WEEK 1, CLASS 2: INTRODUCTION TO R AND THE TIDYVERSE
 []

[44

]
Chapter 4.
File: _main_files/figure-latex/unnamed-chunk-29-1.pdf Graphic file (type pdf)
<use _main_files/figure-latex/unnamed-chunk-29-1.pdf>

Underfull \vbox (badness 10000) has occurred while \output is active []

[45]
Overfull \hbox (78.04935pt too wide) has occurred while \output is active
\TU/lmr/m/n/10 46 \TU/lmr/m/sl/10 CHAPTER 4.  WEEK 2, CLASS 1: ACQUIRING AND WORKING WITH NETWORK DATA
 []

[46]
Chapter 5.
File: _main_files/figure-latex/unnamed-chunk-30-1.pdf Graphic file (type pdf)
<use _main_files/figure-latex/unnamed-chunk-30-1.pdf>
[47

] [48]
Chapter 6.
File: _main_files/figure-latex/unnamed-chunk-31-1.pdf Graphic file (type pdf)
<use _main_files/figure-latex/unnamed-chunk-31-1.pdf>
[49

] [50]
Chapter 7.
File: _main_files/figure-latex/unnamed-chunk-32-1.pdf Graphic file (type pdf)
<use _main_files/figure-latex/unnamed-chunk-32-1.pdf>
[51

] [52]
Chapter 8.

Underfull \vbox (badness 5862) has occurred while \output is active []

[53

]
File: images/degree.png Graphic file (type bmp)
<images/degree.png>

Underfull \vbox (badness 1292) has occurred while \output is active []

[54]
File: _main_files/figure-latex/unnamed-chunk-33-1.pdf Graphic file (type pdf)
<use _main_files/figure-latex/unnamed-chunk-33-1.pdf>
File: _main_files/figure-latex/unnamed-chunk-34-1.pdf Graphic file (type pdf)
<use _main_files/figure-latex/unnamed-chunk-34-1.pdf>

Underfull \vbox (badness 10000) has occurred while \output is active []

[55]
File: images/betweenness.png Graphic file (type bmp)
<images/betweenness.png>

Underfull \vbox (badness 10000) has occurred while \output is active []

[56]
File: images/eigenvector.png Graphic file (type bmp)
<images/eigenvector.png>

Underfull \vbox (badness 10000) has occurred while \output is active []

[57]
File: images/closeness.png Graphic file (type bmp)
<images/closeness.png>

Underfull \vbox (badness 10000) has occurred while \output is active []

[58]
File: images/density.png Graphic file (type bmp)
<images/density.png>
[59] [60]
File: images/modularity.png Graphic file (type bmp)
<images/modularity.png>

Underfull \vbox (badness 6792) has occurred while \output is active []

[61]
File: _main_files/figure-latex/unnamed-chunk-35-1.pdf Graphic file (type pdf)
<use _main_files/figure-latex/unnamed-chunk-35-1.pdf>
[62]
File: images/louvain.png Graphic file (type bmp)
<images/louvain.png>

Overfull \hbox (182.00499pt too wide) in paragraph at lines 1339--1340
 [][] 
 []


LaTeX Warning: Float too large for page by 47.8252pt on input line 1341.

[63] [64]
Chapter 9.
[65

] [66] [67] [68] [69] [70] [71]
Overfull \hbox (59.25pt too wide) in paragraph at lines 1694--1694
[]\TU/lmtt/m/n/10 ## Warning in betweenness(graph = graph, v = V(graph), directed = directed, :[] 
 []


Overfull \hbox (64.5pt too wide) in paragraph at lines 1694--1694
[]\TU/lmtt/m/n/10 ## 'nobigint' is deprecated since igraph 1.3 and will be removed in igraph 1.4[] 
 []

[72]
Overfull \hbox (90.75pt too wide) in paragraph at lines 1743--1743
[]\TU/lmtt/m/n/10 ## -- Column specification --------------------------------------------------------[] 
 []


Overfull \hbox (85.5pt too wide) in paragraph at lines 1743--1743
[]\TU/lmtt/m/n/10 ## chr (11): name, main_name, all_names, links, gender, roles_titles, wikidata_...[] 
 []


Overfull \hbox (43.5pt too wide) in paragraph at lines 1743--1743
[]\TU/lmtt/m/n/10 ## i Use `spec()` to retrieve the full column specification for this data.[] 
 []


Overfull \hbox (96.0pt too wide) in paragraph at lines 1743--1743
[]\TU/lmtt/m/n/10 ## i Specify the column types or set `show_col_types = FALSE` to quiet this message.[] 
 []


Overfull \hbox (90.75pt too wide) in paragraph at lines 1769--1769
[]\TU/lmtt/m/n/10 ##    name     main_~1 all_n~2 links birth~3 death~4 gender roles~5 wikid~6 occup~7[] 
 []


Overfull \hbox (80.25pt too wide) in paragraph at lines 1769--1769
[]\TU/lmtt/m/n/10 ##    <chr>    <chr>   <chr>   <chr>   <dbl>   <dbl> <chr>  <chr>   <chr>   <chr>[] 
 []


Overfull \hbox (90.75pt too wide) in paragraph at lines 1769--1769
[]\TU/lmtt/m/n/10 ##  1 E006019~ Dr. Ra~ Dr. Ra~ http~    1617    1688 male   theolo~ http:/~ theolo~[] 
 []


Overfull \hbox (90.75pt too wide) in paragraph at lines 1769--1769
[]\TU/lmtt/m/n/10 ##  2 E011771~ Hyde, ~ Edward~ http~    1609    1674 male   judge;~ http:/~ judge;~[] 
 []

[73]
Overfull \hbox (90.75pt too wide) in paragraph at lines 1769--1769
[]\TU/lmtt/m/n/10 ##  3 E015103~ Sir Ph~ Sir Ph~ http~    1607    1678 male   politi~ http:/~ politi~[] 
 []


Overfull \hbox (90.75pt too wide) in paragraph at lines 1769--1769
[]\TU/lmtt/m/n/10 ##  4 E020134~ Taylor~ Silas ~ http~    1624    1678 male   compos~ http:/~ compos~[] 
 []


Overfull \hbox (90.75pt too wide) in paragraph at lines 1769--1769
[]\TU/lmtt/m/n/10 ##  5 E014743~ Sir Ed~ Sir Ed~ http~    1608    1654 male   econom~ http:/~ econom~[] 
 []


Overfull \hbox (90.75pt too wide) in paragraph at lines 1769--1769
[]\TU/lmtt/m/n/10 ##  6 E020485~ Sir Th~ Sir Th~ http~    1612    1685 male   naval ~ http:/~ naval ~[] 
 []


Overfull \hbox (90.75pt too wide) in paragraph at lines 1769--1769
[]\TU/lmtt/m/n/10 ##  7 E004654~ Charle~ Charle~ http~    1630    1685 male   sovere~ http:/~ sovere~[] 
 []


Overfull \hbox (90.75pt too wide) in paragraph at lines 1769--1769
[]\TU/lmtt/m/n/10 ##  8 E007992~ Heneag~ Heneag~ http~    1628    1689 male   diplom~ http:/~ diplom~[] 
 []


Overfull \hbox (85.5pt too wide) in paragraph at lines 1769--1769
[]\TU/lmtt/m/n/10 ##  9 E007902~ John F~ John F~ http~    1625    1686 male   priest  http:/~ priest[] 
 []


Overfull \hbox (90.75pt too wide) in paragraph at lines 1769--1769
[]\TU/lmtt/m/n/10 ## 10 S035587  Philad~ Philad~ http~    1612    1665 female politi~ http:/~ politi~[] 
 []


Overfull \hbox (12.0pt too wide) in paragraph at lines 1769--1769
[]\TU/lmtt/m/n/10 ## # ... with 238 more rows, 3 more variables: place_of_birth <chr>,[] 
 []


Overfull \hbox (59.25pt too wide) in paragraph at lines 1769--1769
[]\TU/lmtt/m/n/10 ## #   place_of_death <chr>, politician <chr>, and abbreviated variable names[] 
 []


Overfull \hbox (80.25pt too wide) in paragraph at lines 1769--1769
[]\TU/lmtt/m/n/10 ## #   1: main_name, 2: all_names, 3: birth_year, 4: death_year, 5: roles_titles,[] 
 []


Overfull \hbox (69.75pt too wide) in paragraph at lines 1804--1804
[]\TU/lmtt/m/n/10 ##   name  main_n~ all_na~ links birth_~ death_~ gender roles_~ wikida~ occupa~[] 
 []


Overfull \hbox (59.25pt too wide) in paragraph at lines 1804--1804
[]\TU/lmtt/m/n/10 ##   <chr> <chr>   <chr>   <chr>   <dbl>   <dbl> <chr>  <chr>   <chr>   <chr>[] 
 []


Overfull \hbox (69.75pt too wide) in paragraph at lines 1804--1804
[]\TU/lmtt/m/n/10 ## 1 E000~ Dr. La~ Dr. La~ http~    1632    1703 male   chapla~ http:/~ chapla~[] 
 []


Overfull \hbox (69.75pt too wide) in paragraph at lines 1804--1804
[]\TU/lmtt/m/n/10 ## 2 E000~ Edward~ Edward~ http~    1638    1697 male   astron~ http:/~ astron~[] 
 []


Overfull \hbox (64.5pt too wide) in paragraph at lines 1804--1804
[]\TU/lmtt/m/n/10 ## 3 E000~ Dr. Ri~ Dr. Ri~ http~    1619    1681 male   priest  http:/~ priest[] 
 []


Overfull \hbox (69.75pt too wide) in paragraph at lines 1804--1804
[]\TU/lmtt/m/n/10 ## 4 E000~ Solms-~ Prince~ http~    1602    1675 female art co~ http:/~ art co~[] 
 []


Overfull \hbox (69.75pt too wide) in paragraph at lines 1804--1804
[]\TU/lmtt/m/n/10 ## 5 E000~ Arthur~ Arthur~ http~    1614    1686 male   politi~ http:/~ politi~[] 
 []


Overfull \hbox (69.75pt too wide) in paragraph at lines 1804--1804
[]\TU/lmtt/m/n/10 ## 6 E000~ Sir Jo~ Sir Jo~ http~    1603    1671 male   politi~ http:/~ politi~[] 
 []


Overfull \hbox (33.0pt too wide) in paragraph at lines 1804--1804
[]\TU/lmtt/m/n/10 ## # ... with 242 more rows, and 3 more variables: place_of_birth <chr>,[] 
 []

[74]
Overfull \hbox (69.75pt too wide) in paragraph at lines 1841--1841
[]\TU/lmtt/m/n/10 ##   name  main_n~ all_na~ links birth_~ death_~ gender roles_~ wikida~ occupa~[] 
 []


Overfull \hbox (59.25pt too wide) in paragraph at lines 1841--1841
[]\TU/lmtt/m/n/10 ##   <chr> <chr>   <chr>   <chr>   <dbl>   <dbl> <chr>  <chr>   <chr>   <chr>[] 
 []


Overfull \hbox (69.75pt too wide) in paragraph at lines 1841--1841
[]\TU/lmtt/m/n/10 ## 1 E000~ Arthur~ Arthur~ http~    1614    1686 male   politi~ http:/~ politi~[] 
 []


Overfull \hbox (69.75pt too wide) in paragraph at lines 1841--1841
[]\TU/lmtt/m/n/10 ## 2 E000~ Sir Jo~ Sir Jo~ http~    1603    1671 male   politi~ http:/~ politi~[] 
 []


Overfull \hbox (69.75pt too wide) in paragraph at lines 1841--1841
[]\TU/lmtt/m/n/10 ## 3 E001~ Henry ~ Henry ~ http~    1618    1685 male   politi~ http:/~ politi~[] 
 []


Overfull \hbox (69.75pt too wide) in paragraph at lines 1841--1841
[]\TU/lmtt/m/n/10 ## 4 E002~ Willia~ Willia~ http~    1649    1717 male   politi~ http:/~ politi~[] 
 []


Overfull \hbox (69.75pt too wide) in paragraph at lines 1841--1841
[]\TU/lmtt/m/n/10 ## 5 E002~ Edward~ Edward~ http~    1623    1683 male   politi~ http:/~ politi~[] 
 []


Overfull \hbox (69.75pt too wide) in paragraph at lines 1841--1841
[]\TU/lmtt/m/n/10 ## 6 E002~ Roger ~ Roger ~ http~    1621    1679 male   writer~ http:/~ writer~[] 
 []


Overfull \hbox (27.75pt too wide) in paragraph at lines 1841--1841
[]\TU/lmtt/m/n/10 ## # ... with 88 more rows, and 4 more variables: place_of_birth <chr>,[] 
 []

[75]
Overfull \hbox (90.75pt too wide) in paragraph at lines 1875--1875
[]\TU/lmtt/m/n/10 ##    name                    main_name                                      degree[] 
 []


Overfull \hbox (90.75pt too wide) in paragraph at lines 1875--1875
[]\TU/lmtt/m/n/10 ##    <chr>                   <chr>                                           <dbl>[] 
 []


Overfull \hbox (90.75pt too wide) in paragraph at lines 1875--1875
[]\TU/lmtt/m/n/10 ##  1 E022443-S042999-T000000 Williamson, Joseph (Sir)                          174[] 
 []


Overfull \hbox (90.75pt too wide) in paragraph at lines 1875--1875
[]\TU/lmtt/m/n/10 ##  2 E001993-S018912-T000000 Henry Bennet, Earl of Arlington                    54[] 
 []


Overfull \hbox (90.75pt too wide) in paragraph at lines 1875--1875
[]\TU/lmtt/m/n/10 ##  3 E004654-S006979-T000000 Charles II, King of England, Scotland, and Ir~     53[] 
 []


Overfull \hbox (90.75pt too wide) in paragraph at lines 1875--1875
[]\TU/lmtt/m/n/10 ##  4 E002620-S051125-T000000 William Blathwaite                                 47[] 
 []


Overfull \hbox (90.75pt too wide) in paragraph at lines 1875--1875
[]\TU/lmtt/m/n/10 ##  5 E002622-S014197-T000000 Edward Conway, Earl of Conway                      30[] 
 []


Overfull \hbox (90.75pt too wide) in paragraph at lines 1875--1875
[]\TU/lmtt/m/n/10 ##  6 S016294                 Francis, Lord Aungier                              28[] 
 []


Overfull \hbox (90.75pt too wide) in paragraph at lines 1875--1875
[]\TU/lmtt/m/n/10 ##  7 E903376-S024822-T000000 Witt, Johan de                                     28[] 
 []


Overfull \hbox (90.75pt too wide) in paragraph at lines 1875--1875
[]\TU/lmtt/m/n/10 ##  8 S047442                 Thomas Belasyse, Earl of Fauconberg                26[] 
 []


Overfull \hbox (90.75pt too wide) in paragraph at lines 1875--1875
[]\TU/lmtt/m/n/10 ##  9 E921955-S041743-T000000 Sir George Rawdon                                  25[] 
 []


Overfull \hbox (90.75pt too wide) in paragraph at lines 1875--1875
[]\TU/lmtt/m/n/10 ## 10 E021031-S049939-T000000 Van Beuningen                                      21[] 
 []

[76]
Chapter 10.
[77

]
File: images/full_net.png Graphic file (type bmp)
<images/full_net.png>

Overfull \hbox (33.00153pt too wide) has occurred while \output is active
\TU/lmr/m/n/10 78 \TU/lmr/m/sl/10 CHAPTER 10.  WEEK 5, CLASS 1: VISUALISING NETWORKS WITH GGRAPH
 []

[78]
File: _main_files/figure-latex/unnamed-chunk-54-1.pdf Graphic file (type pdf)
<use _main_files/figure-latex/unnamed-chunk-54-1.pdf>
[79]
Overfull \hbox (33.00153pt too wide) has occurred while \output is active
\TU/lmr/m/n/10 80 \TU/lmr/m/sl/10 CHAPTER 10.  WEEK 5, CLASS 1: VISUALISING NETWORKS WITH GGRAPH
 []

[80]
File: _main_files/figure-latex/unnamed-chunk-55-1.pdf Graphic file (type pdf)
<use _main_files/figure-latex/unnamed-chunk-55-1.pdf>
File: _main_files/figure-latex/unnamed-chunk-56-1.pdf Graphic file (type pdf)
<use _main_files/figure-latex/unnamed-chunk-56-1.pdf>

Underfull \vbox (badness 8132) has occurred while \output is active []

[81]
Overfull \hbox (33.00153pt too wide) has occurred while \output is active
\TU/lmr/m/n/10 82 \TU/lmr/m/sl/10 CHAPTER 10.  WEEK 5, CLASS 1: VISUALISING NETWORKS WITH GGRAPH
 []

[82]
File: _main_files/figure-latex/unnamed-chunk-58-1.pdf Graphic file (type pdf)
<use _main_files/figure-latex/unnamed-chunk-58-1.pdf>
File: _main_files/figure-latex/unnamed-chunk-59-1.pdf Graphic file (type pdf)
<use _main_files/figure-latex/unnamed-chunk-59-1.pdf>
[83]
File: _main_files/figure-latex/unnamed-chunk-60-1.pdf Graphic file (type pdf)
<use _main_files/figure-latex/unnamed-chunk-60-1.pdf>

Underfull \vbox (badness 10000) has occurred while \output is active []


Overfull \hbox (33.00153pt too wide) has occurred while \output is active
\TU/lmr/m/n/10 84 \TU/lmr/m/sl/10 CHAPTER 10.  WEEK 5, CLASS 1: VISUALISING NETWORKS WITH GGRAPH
 []

[84]
File: _main_files/figure-latex/unnamed-chunk-61-1.pdf Graphic file (type pdf)
<use _main_files/figure-latex/unnamed-chunk-61-1.pdf>

Underfull \vbox (badness 10000) has occurred while \output is active []

[85]
File: _main_files/figure-latex/unnamed-chunk-62-1.pdf Graphic file (type pdf)
<use _main_files/figure-latex/unnamed-chunk-62-1.pdf>

Underfull \vbox (badness 10000) has occurred while \output is active []


Overfull \hbox (33.00153pt too wide) has occurred while \output is active
\TU/lmr/m/n/10 86 \TU/lmr/m/sl/10 CHAPTER 10.  WEEK 5, CLASS 1: VISUALISING NETWORKS WITH GGRAPH
 []

[86]
File: _main_files/figure-latex/unnamed-chunk-63-1.pdf Graphic file (type pdf)
<use _main_files/figure-latex/unnamed-chunk-63-1.pdf>

Underfull \vbox (badness 10000) has occurred while \output is active []

[87]
File: _main_files/figure-latex/unnamed-chunk-64-1.pdf Graphic file (type pdf)
<use _main_files/figure-latex/unnamed-chunk-64-1.pdf>

Underfull \vbox (badness 10000) has occurred while \output is active []


Overfull \hbox (33.00153pt too wide) has occurred while \output is active
\TU/lmr/m/n/10 88 \TU/lmr/m/sl/10 CHAPTER 10.  WEEK 5, CLASS 1: VISUALISING NETWORKS WITH GGRAPH
 []

[88]
Overfull \hbox (38.25pt too wide) in paragraph at lines 2157--2157
[]\TU/lmtt/m/n/10 ## Warning: Removed 240 rows containing missing values (geom_text_repel).[] 
 []

File: _main_files/figure-latex/unnamed-chunk-65-1.pdf Graphic file (type pdf)
<use _main_files/figure-latex/unnamed-chunk-65-1.pdf>
[89]
Overfull \hbox (85.5pt too wide) in paragraph at lines 2185--2185
[]\TU/lmtt/m/n/10 ## Warning in cluster_edge_betweenness(graph = .G(), weights = weights, directed =[] 
 []


Overfull \hbox (85.5pt too wide) in paragraph at lines 2185--2185
[]\TU/lmtt/m/n/10 ## directed): At core/community/edge_betweenness.c:485 : Membership vector will be[] 
 []


Overfull \hbox (75.0pt too wide) in paragraph at lines 2193--2193
[]\TU/lmtt/m/n/10 ## Warning in cluster_edge_betweenness(graph = .G(), weights = weights, directed[] 
 []


Overfull \hbox (80.25pt too wide) in paragraph at lines 2193--2193
[]\TU/lmtt/m/n/10 ## = directed): At core/community/edge_betweenness.c:492 : Modularity calculation[] 
 []


Overfull \hbox (59.25pt too wide) in paragraph at lines 2193--2193
[]\TU/lmtt/m/n/10 ## with weighted edge betweenness community detection might not make sense --[] 
 []


Overfull \hbox (90.75pt too wide) in paragraph at lines 2193--2193
[]\TU/lmtt/m/n/10 ## modularity treats edge weights as similarities while edge betwenness treats them[] 
 []


Overfull \hbox (33.00153pt too wide) has occurred while \output is active
\TU/lmr/m/n/10 90 \TU/lmr/m/sl/10 CHAPTER 10.  WEEK 5, CLASS 1: VISUALISING NETWORKS WITH GGRAPH
 []

[90]
File: _main_files/figure-latex/unnamed-chunk-66-1.pdf Graphic file (type pdf)
<use _main_files/figure-latex/unnamed-chunk-66-1.pdf>

Overfull \hbox (90.75pt too wide) in paragraph at lines 2221--2221
[]\TU/lmtt/m/n/10 ## -- Column specification --------------------------------------------------------[] 
 []


Overfull \hbox (85.5pt too wide) in paragraph at lines 2221--2221
[]\TU/lmtt/m/n/10 ## chr (11): name, main_name, all_names, links, gender, roles_titles, wikidata_...[] 
 []


Overfull \hbox (43.5pt too wide) in paragraph at lines 2221--2221
[]\TU/lmtt/m/n/10 ## i Use `spec()` to retrieve the full column specification for this data.[] 
 []


Overfull \hbox (96.0pt too wide) in paragraph at lines 2221--2221
[]\TU/lmtt/m/n/10 ## i Specify the column types or set `show_col_types = FALSE` to quiet this message.[] 
 []

[91]
File: _main_files/figure-latex/unnamed-chunk-68-1.pdf Graphic file (type pdf)
<use _main_files/figure-latex/unnamed-chunk-68-1.pdf>

Overfull \hbox (33.00153pt too wide) has occurred while \output is active
\TU/lmr/m/n/10 92 \TU/lmr/m/sl/10 CHAPTER 10.  WEEK 5, CLASS 1: VISUALISING NETWORKS WITH GGRAPH
 []

[92] [93]
Overfull \hbox (33.00153pt too wide) has occurred while \output is active
\TU/lmr/m/n/10 94 \TU/lmr/m/sl/10 CHAPTER 10.  WEEK 5, CLASS 1: VISUALISING NETWORKS WITH GGRAPH
 []

[94

]
Chapter 11.
File: _main_files/figure-latex/unnamed-chunk-69-1.pdf Graphic file (type pdf)
<use _main_files/figure-latex/unnamed-chunk-69-1.pdf>

Underfull \vbox (badness 10000) has occurred while \output is active []

[95]
File: images/nz_topics.png Graphic file (type bmp)
<images/nz_topics.png>
[96] [97]
File: _main_files/figure-latex/unnamed-chunk-70-1.pdf Graphic file (type pdf)
<use _main_files/figure-latex/unnamed-chunk-70-1.pdf>
[98]
File: _main_files/figure-latex/unnamed-chunk-72-1.pdf Graphic file (type pdf)
<use _main_files/figure-latex/unnamed-chunk-72-1.pdf>

Underfull \hbox (badness 7186) in paragraph at lines 2334--2334
[]\TU/lmr/bx/n/14.4 Co-occurrence and co-authorship net-
 []

[99]
File: images/co-authorship.png Graphic file (type bmp)
<images/co-authorship.png>

Overfull \hbox (106.69583pt too wide) in paragraph at lines 2348--2349
 [][] 
 []

[100] [101] [102]
File: _main_files/figure-latex/unnamed-chunk-77-1.pdf Graphic file (type pdf)
<use _main_files/figure-latex/unnamed-chunk-77-1.pdf>
[103]
File: _main_files/figure-latex/unnamed-chunk-80-1.pdf Graphic file (type pdf)
<use _main_files/figure-latex/unnamed-chunk-80-1.pdf>

Underfull \vbox (badness 10000) has occurred while \output is active []

[104] [105] [106

]
Chapter 12.
[107]
Overfull \hbox (117.24934pt too wide) has occurred while \output is active
\TU/lmr/m/n/10 108 \TU/lmr/m/sl/10 CHAPTER 12.  WEEK 6, CLASS 1: ASKING AND ANSWERING QUESTIONS WITH NETWORKS
 []

[108

]
Chapter 13.
[109] [110

]
Chapter 14.
(./_main.bbl [111] [112

]) [113] (./_main.aux)
Package rerunfilecheck Info: File `_main.out' has not changed.
(rerunfilecheck)             Checksum: C1C051982737B6560F8EE81D9784B1CB;11683.
 ) 
Here is how much of TeX's memory you used:
 19459 strings out of 477743
 366156 string characters out of 5842997
 849075 words of memory out of 5000000
 40161 multiletter control sequences out of 15000+600000
 475840 words of font info for 85 fonts, out of 8000000 for 9000
 14 hyphenation exceptions out of 8191
 86i,7n,121p,988b,563s stack positions out of 10000i,1000n,20000p,200000b,200000s

Output written on _main.pdf (113 pages).
