\BOOKMARK [0][-]{chapter.1}{\376\377\000A\000b\000o\000u\000t\000\040\000t\000h\000i\000s\000\040\000B\000o\000o\000k}{}% 1
\BOOKMARK [1][-]{section.1.1}{\376\377\000A\000b\000o\000u\000t\000\040\000t\000h\000e\000\040\000c\000o\000u\000r\000s\000e}{chapter.1}% 2
\BOOKMARK [1][-]{section.1.2}{\376\377\000R\000e\000a\000d\000i\000n\000g}{chapter.1}% 3
\BOOKMARK [1][-]{section.1.3}{\376\377\000S\000l\000i\000d\000e\000s}{chapter.1}% 4
\BOOKMARK [0][-]{chapter.2}{\376\377\000W\000e\000e\000k\000\040\0001\000,\000\040\000c\000l\000a\000s\000s\000\040\0001\000:\000\040\000C\000o\000u\000r\000s\000e\000\040\000I\000n\000t\000r\000o\000d\000u\000c\000t\000i\000o\000n}{}% 5
\BOOKMARK [1][-]{section.2.1}{\376\377\000I\000n\000t\000r\000o\000d\000u\000c\000t\000i\000o\000n}{chapter.2}% 6
\BOOKMARK [1][-]{section.2.2}{\376\377\000H\000o\000w\000\040\000t\000o\000\040\000u\000s\000e\000\040\000t\000h\000i\000s\000\040\000b\000o\000o\000k\000\040\000a\000n\000d\000\040\000f\000o\000l\000l\000o\000w\000\040\000t\000h\000e\000\040\000c\000o\000u\000r\000s\000e\000.}{chapter.2}% 7
\BOOKMARK [1][-]{section.2.3}{\376\377\000W\000h\000a\000t\000\040\000d\000o\000\040\000w\000e\000\040\000m\000e\000a\000n\000\040\000b\000y\000\040\000a\000\040\000`\000n\000e\000t\000w\000o\000r\000k\000'\000?}{chapter.2}% 8
\BOOKMARK [1][-]{section.2.4}{\376\377\000G\000r\000a\000p\000h\000\040\000T\000h\000e\000o\000r\000y}{chapter.2}% 9
\BOOKMARK [1][-]{section.2.5}{\376\377\000W\000h\000y\000\040\000u\000s\000e\000\040\000n\000e\000t\000w\000o\000r\000k\000s\000\040\000i\000n\000\040\000h\000u\000m\000a\000n\000i\000t\000i\000e\000s\000?}{chapter.2}% 10
\BOOKMARK [1][-]{section.2.6}{\376\377\000N\000e\000t\000w\000o\000r\000k\000\040\000B\000a\000s\000i\000c\000s}{chapter.2}% 11
\BOOKMARK [1][-]{section.2.7}{\376\377\000N\000e\000t\000w\000o\000r\000k\000\040\000p\000a\000t\000h\000s}{chapter.2}% 12
\BOOKMARK [1][-]{section.2.8}{\376\377\000D\000i\000f\000f\000e\000r\000e\000n\000t\000\040\000N\000e\000t\000w\000o\000r\000k\000\040\000T\000y\000p\000e\000s}{chapter.2}% 13
\BOOKMARK [1][-]{section.2.9}{\376\377\000F\000r\000o\000m\000\040\000B\000r\000i\000d\000g\000e\000s\000\040\000t\000o\000\040\000S\000o\000c\000i\000a\000l\000\040\000N\000e\000t\000w\000o\000r\000k\000s\040\046}{chapter.2}% 14
\BOOKMARK [1][-]{section.2.10}{\376\377\000T\000h\000e\000\040\000`\000N\000e\000w\000'\000\040\000S\000c\000i\000e\000n\000c\000e\000\040\000o\000f\000\040\000N\000e\000t\000w\000o\000r\000k\000s}{chapter.2}% 15
\BOOKMARK [1][-]{section.2.11}{\376\377\000C\000o\000n\000c\000l\000u\000s\000i\000o\000n}{chapter.2}% 16
\BOOKMARK [0][-]{chapter.3}{\376\377\000W\000e\000e\000k\000\040\0001\000,\000\040\000C\000l\000a\000s\000s\000\040\0002\000:\000\040\000I\000n\000t\000r\000o\000d\000u\000c\000t\000i\000o\000n\000\040\000t\000o\000\040\000R\000\040\000a\000n\000d\000\040\000t\000h\000e\000\040\000T\000i\000d\000y\000v\000e\000r\000s\000e}{}% 17
\BOOKMARK [1][-]{section.3.1}{\376\377\000E\000x\000e\000r\000c\000i\000s\000e\000s}{chapter.3}% 18
\BOOKMARK [1][-]{section.3.2}{\376\377\000R\000\040\000a\000n\000d\000\040\000R\000-\000S\000t\000u\000d\000i\000o}{chapter.3}% 19
\BOOKMARK [1][-]{section.3.3}{\376\377\000U\000s\000i\000n\000g\000\040\000R}{chapter.3}% 20
\BOOKMARK [1][-]{section.3.4}{\376\377\000T\000i\000d\000y\000v\000e\000r\000s\000e}{chapter.3}% 21
\BOOKMARK [1][-]{section.3.5}{\376\377\000R\000e\000a\000d\000i\000n\000g\000\040\000i\000n\000\040\000e\000x\000t\000e\000r\000n\000a\000l\000\040\000d\000a\000t\000a}{chapter.3}% 22
\BOOKMARK [0][-]{chapter.4}{\376\377\000W\000e\000e\000k\000\040\0002\000,\000\040\000C\000l\000a\000s\000s\000\040\0001\000:\000\040\000A\000c\000q\000u\000i\000r\000i\000n\000g\000\040\000a\000n\000d\000\040\000W\000o\000r\000k\000i\000n\000g\000\040\000W\000i\000t\000h\000\040\000N\000e\000t\000w\000o\000r\000k\000\040\000D\000a\000t\000a}{}% 23
\BOOKMARK [0][-]{chapter.5}{\376\377\000W\000e\000e\000k\000\040\0002\000,\000\040\000C\000l\000a\000s\000s\000\040\0002\000:\000\040\000D\000a\000t\000a\000\040\000C\000l\000e\000a\000n\000i\000n\000g}{}% 24
\BOOKMARK [0][-]{chapter.6}{\376\377\000W\000e\000e\000k\000\040\0003\000,\000\040\000C\000l\000a\000s\000s\000\040\0001\000:\000\040\000D\000a\000t\000a\000\040\000m\000o\000d\000e\000l\000l\000i\000n\000g}{}% 25
\BOOKMARK [0][-]{chapter.7}{\376\377\000W\000e\000e\000k\000\040\0003\000,\000\040\000C\000l\000a\000s\000s\000\040\0002\000:\000\040\000B\000u\000i\000l\000d\000\040\000a\000\040\000D\000a\000t\000a\000\040\000M\000o\000d\000e\000l\000\040\000w\000i\000t\000h\000\040\000R}{}% 26
\BOOKMARK [0][-]{chapter.8}{\376\377\000W\000e\000e\000k\000\040\0004\000,\000\040\000C\000l\000a\000s\000s\000\040\0001\000:\000\040\000N\000e\000t\000w\000o\000r\000k\000\040\000M\000e\000t\000r\000i\000c\000s}{}% 27
\BOOKMARK [1][-]{section.8.1}{\376\377\000E\000x\000e\000r\000c\000i\000s\000e\000s}{chapter.8}% 28
\BOOKMARK [1][-]{section.8.2}{\376\377\000I\000n\000t\000r\000o\000d\000u\000c\000t\000i\000o\000n}{chapter.8}% 29
\BOOKMARK [1][-]{section.8.3}{\376\377\000N\000o\000d\000e\000-\000l\000e\000v\000e\000l\000\040\000m\000e\000t\000r\000i\000c\000s}{chapter.8}% 30
\BOOKMARK [1][-]{section.8.4}{\376\377\000E\000d\000g\000e\000-\000l\000e\000v\000e\000l\000\040\000m\000e\000t\000r\000i\000c\000s}{chapter.8}% 31
\BOOKMARK [1][-]{section.8.5}{\376\377\000G\000l\000o\000b\000a\000l\000\040\000M\000e\000t\000r\000i\000c\000s}{chapter.8}% 32
\BOOKMARK [1][-]{section.8.6}{\376\377\000C\000o\000n\000c\000l\000u\000s\000i\000o\000n\000s}{chapter.8}% 33
\BOOKMARK [0][-]{chapter.9}{\376\377\000W\000e\000e\000k\000\040\0004\000,\000\040\000C\000l\000a\000s\000s\000\040\0002\000:\000\040\000N\000e\000t\000w\000o\000r\000k\000\040\000A\000n\000a\000l\000y\000s\000i\000s\000\040\000w\000i\000t\000h\000\040\000R}{}% 34
\BOOKMARK [1][-]{section.9.1}{\376\377\000I\000n\000t\000r\000o\000d\000u\000c\000t\000i\000o\000n}{chapter.9}% 35
\BOOKMARK [1][-]{section.9.2}{\376\377\000C\000r\000e\000a\000t\000i\000n\000g\000\040\000a\000\040\000N\000e\000t\000w\000o\000r\000k\000\040\000O\000b\000j\000e\000c\000t\000\040\000i\000n\000\040\000R}{chapter.9}% 36
\BOOKMARK [1][-]{section.9.3}{\376\377\000C\000a\000l\000c\000u\000l\000a\000t\000i\000n\000g\000\040\000N\000e\000t\000w\000o\000r\000k\000\040\000M\000e\000t\000r\000i\000c\000s}{chapter.9}% 37
\BOOKMARK [1][-]{section.9.4}{\376\377\000J\000o\000i\000n\000i\000n\000g\000\040\000a\000d\000d\000i\000t\000i\000o\000n\000a\000l\000\040\000d\000a\000t\000a}{chapter.9}% 38
\BOOKMARK [1][-]{section.9.5}{\376\377\000C\000o\000n\000c\000l\000u\000s\000i\000o\000n\000s}{chapter.9}% 39
\BOOKMARK [0][-]{chapter.10}{\376\377\000W\000e\000e\000k\000\040\0005\000,\000\040\000C\000l\000a\000s\000s\000\040\0001\000:\000\040\000V\000i\000s\000u\000a\000l\000i\000s\000i\000n\000g\000\040\000N\000e\000t\000w\000o\000r\000k\000s\000\040\000w\000i\000t\000h\000\040\000g\000g\000r\000a\000p\000h}{}% 40
\BOOKMARK [1][-]{section.10.1}{\376\377\000N\000e\000t\000w\000o\000r\000k\000\040\000v\000i\000s\000u\000a\000l\000i\000s\000a\000t\000i\000o\000n\000s}{chapter.10}% 41
\BOOKMARK [1][-]{section.10.2}{\376\377\000N\000e\000t\000w\000o\000r\000k\000\040\000V\000i\000s\000u\000a\000l\000i\000s\000a\000t\000i\000o\000n\000s\000\040\000w\000i\000t\000h\000\040\000R\000\040\000a\000n\000d\000\040\000g\000g\000r\000a\000p\000h\000.}{chapter.10}% 42
\BOOKMARK [1][-]{section.10.3}{\376\377\000C\000a\000s\000e\000\040\000s\000t\000u\000d\000y\000:\000\040\000S\000c\000i\000e\000n\000t\000i\000s\000t\000s\000\040\000a\000n\000d\000\040\000P\000o\000l\000i\000t\000i\000c\000i\000a\000n\000s}{chapter.10}% 43
\BOOKMARK [1][-]{section.10.4}{\376\377\000C\000o\000n\000c\000l\000u\000s\000i\000o\000n\000s}{chapter.10}% 44
\BOOKMARK [0][-]{chapter.11}{\376\377\000W\000e\000e\000k\000\040\0005\000,\000\040\000c\000l\000a\000s\000s\000\040\0002\000:\000\040\000O\000t\000h\000e\000r\000\040\000n\000e\000t\000w\000o\000r\000k\000\040\000t\000y\000p\000e\000s}{}% 45
\BOOKMARK [1][-]{section.11.1}{\376\377\000B\000i\000p\000a\000r\000t\000i\000t\000e\000\040\000n\000e\000t\000w\000o\000r\000k\000s}{chapter.11}% 46
\BOOKMARK [1][-]{section.11.2}{\376\377\000C\000o\000-\000o\000c\000c\000u\000r\000r\000e\000n\000c\000e\000\040\000a\000n\000d\000\040\000c\000o\000-\000a\000u\000t\000h\000o\000r\000s\000h\000i\000p\000\040\000n\000e\000t\000w\000o\000r\000k\000s\000.}{chapter.11}% 47
\BOOKMARK [1][-]{section.11.3}{\376\377\000C\000o\000n\000c\000l\000u\000s\000i\000o\000n\000s}{chapter.11}% 48
\BOOKMARK [1][-]{section.11.4}{}{chapter.11}% 49
\BOOKMARK [0][-]{chapter.12}{\376\377\000W\000e\000e\000k\000\040\0006\000,\000\040\000C\000l\000a\000s\000s\000\040\0001\000:\000\040\000A\000s\000k\000i\000n\000g\000\040\000a\000n\000d\000\040\000A\000n\000s\000w\000e\000r\000i\000n\000g\000\040\000Q\000u\000e\000s\000t\000i\000o\000n\000s\000\040\000w\000i\000t\000h\000\040\000N\000e\000t\000w\000o\000r\000k\000s}{}% 50
\BOOKMARK [1][-]{section.12.1}{\376\377\000W\000h\000a\000t\000\040\000m\000a\000k\000e\000s\000\040\000a\000\040\000g\000o\000o\000d\000\040\000q\000u\000e\000s\000t\000i\000o\000n\000\040\000o\000f\000\040\000a\000\040\000n\000e\000t\000w\000o\000r\000k\000?}{chapter.12}% 51
\BOOKMARK [1][-]{section.12.2}{\376\377\000U\000s\000i\000n\000g\000\040\000t\000h\000e\000\040\000d\000a\000t\000a\000\040\000m\000o\000d\000e\000l}{chapter.12}% 52
\BOOKMARK [1][-]{section.12.3}{\376\377\000U\000s\000i\000n\000g\000\040\000v\000i\000s\000u\000a\000l\000i\000s\000a\000t\000i\000o\000n\000s}{chapter.12}% 53
\BOOKMARK [1][-]{section.12.4}{\376\377\000N\000e\000t\000w\000o\000r\000k\000\040\000s\000t\000a\000t\000i\000s\000t\000i\000c\000s}{chapter.12}% 54
\BOOKMARK [0][-]{chapter.13}{\376\377\000W\000e\000e\000k\000\040\0006\000,\000\040\000C\000l\000a\000s\000s\000\040\0002\000:\000\040\000P\000u\000t\000t\000i\000n\000g\000\040\000i\000t\000\040\000a\000l\000l\000\040\000t\000o\000g\000e\000t\000h\000e\000r}{}% 55
\BOOKMARK [1][-]{section.13.1}{\376\377\000C\000o\000u\000r\000s\000e\000\040\000P\000r\000o\000j\000e\000c\000t}{chapter.13}% 56
\BOOKMARK [1][-]{section.13.2}{\376\377\000U\000s\000i\000n\000g\000\040\000y\000o\000u\000r\000\040\000d\000a\000t\000a\000\040\000m\000o\000d\000e\000l}{chapter.13}% 57
\BOOKMARK [1][-]{section.13.3}{\376\377\000H\000o\000w\000\040\000t\000o\000\040\000c\000o\000m\000m\000e\000n\000t\000\040\000o\000n\000\040\000a\000\040\000n\000e\000t\000w\000o\000r\000k}{chapter.13}% 58
\BOOKMARK [0][-]{chapter.14}{\376\377\000W\000e\000e\000k\000\040\0007\000:\000\040\000R\000e\000f\000l\000e\000c\000t\000i\000o\000n\000s}{}% 59
\BOOKMARK [1][-]{section.14.1}{\376\377\000L\000i\000m\000i\000t\000a\000t\000i\000o\000n\000s\000\040\000a\000n\000d\000\040\000p\000i\000t\000f\000a\000l\000l\000s}{chapter.14}% 60
\BOOKMARK [1][-]{section.14.2}{\376\377\000B\000i\000a\000s\000e\000s\000,\000\040\000r\000e\000p\000r\000e\000s\000e\000n\000t\000a\000t\000i\000o\000n}{chapter.14}% 61
\BOOKMARK [1][-]{section.14.3}{\376\377\000E\000f\000f\000e\000c\000t\000s\000\040\000o\000f\000\040\000m\000i\000s\000s\000i\000n\000g\000\040\000d\000a\000t\000a}{chapter.14}% 62
\BOOKMARK [1][-]{section.14.4}{\376\377\000D\000a\000n\000g\000e\000r\000s\000\040\000o\000f\000\040\000a\000\040\000n\000e\000t\000w\000o\000r\000k\000\040\000v\000i\000e\000w\000\040\000o\000f\000\040\000t\000h\000e\000\040\000w\000o\000r\000l\000d\000.}{chapter.14}% 63
\BOOKMARK [1][-]{section.14.5}{\376\377\000N\000e\000t\000w\000o\000r\000k\000s\000\040\000a\000n\000d\000\040\000h\000e\000g\000e\000m\000o\000n\000y\000/\000p\000o\000w\000e\000r\000.}{chapter.14}% 64
